IQ-TREE multicore version 2.0.3 for Mac OS X 64-bit built Apr 26 2020
Developed by Bui Quang Minh, Nguyen Lam Tung, Olga Chernomor,
Heiko Schmidt, Dominik Schrempf, Michael Woodhams.

Host:    Marys-MacBook-Air.local (AVX2, FMA3, 8 GB RAM)
Command: iqtree -ninit 2 -n 2 -me 0.05 -nt 1 -s results/align-delim.fasta -m GTR
Seed:    227009 (Using SPRNG - Scalable Parallel Random Number Generator)
Time:    Fri Jul 24 23:25:24 2020
Kernel:  AVX+FMA - 1 threads (4 CPU cores detected)

HINT: Use -nt option to specify number of threads because your CPU has 4 cores!
HINT: -nt AUTO will automatically determine the best number of threads to use.

Reading alignment file results/align-delim.fasta ... Fasta format detected
Alignment most likely contains DNA/RNA sequences
Alignment has 16 sequences with 3822 columns, 30 distinct patterns
7 parsimony-informative, 23 singleton sites, 3792 constant sites
            Gap/Ambiguity  Composition  p-value
   1  MT676411.1    0.00%    passed    100.00%
   2  MT521348      0.00%    passed    100.00%
   3  MT434818      0.00%    passed    100.00%
   4  MT359231      0.00%    passed    100.00%
   5  MT415367      0.00%    passed    100.00%
   6  MT415369      0.00%    passed    100.00%
   7  MT415372      0.00%    passed    100.00%
   8  MT415374      0.00%    passed    100.00%
   9  MT415375      0.00%    passed    100.00%
  10  MT415376      0.00%    passed    100.00%
  11  MT415368      0.00%    passed    100.00%
  12  MT415370      0.00%    passed     99.99%
  13  MT415373      0.00%    passed     99.93%
  14  MT415371      0.00%    passed     99.97%
  15  MT415377      0.00%    passed     99.93%
  16  MT415366      0.00%    passed     99.97%
****  TOTAL         0.00%  0 sequences failed composition chi2 test (p-value<5%; df=3)
NOTE: MT521348 is identical to MT676411.1 but kept for subsequent analysis
NOTE: MT415369 is identical to MT415367 but kept for subsequent analysis
NOTE: 3 identical sequences (see below) will be ignored for subsequent analysis
NOTE: MT434818 (identical to MT676411.1) is ignored but added at the end
NOTE: MT359231 (identical to MT676411.1) is ignored but added at the end
NOTE: MT415372 (identical to MT415367) is ignored but added at the end
Alignment was printed to results/align-delim.fasta.uniqueseq.phy

For your convenience alignment with unique sequences printed to results/align-delim.fasta.uniqueseq.phy

Create initial parsimony tree by phylogenetic likelihood library (PLL)... 0.003 seconds

NOTE: 0 MB RAM (0 GB) is required!
Estimate model parameters (epsilon = 0.500)
1. Initial log-likelihood: -5458.818
2. Current log-likelihood: -5452.305
Optimal log-likelihood: -5452.304
Rate parameters:  A-C: 0.94847  A-G: 1.11734  A-T: 0.15469  C-G: 0.21674  C-T: 0.71747  G-T: 1.00000
Base frequencies:  A: 0.294  C: 0.189  G: 0.184  T: 0.332
Parameters optimization took 2 rounds (0.005 sec)
Computing ML distances based on estimated model parameters... 0.001 sec
Computing BIONJ tree...
0.000 seconds
Log-likelihood of BIONJ tree: -5451.015
--------------------------------------------------------------------
|             INITIALIZING CANDIDATE TREE SET                      |
--------------------------------------------------------------------

Do NNI search on 2 best initial trees
BETTER TREE FOUND at iteration 1: -5451.015
Finish initializing candidate tree set (4)
Current best tree score: -5451.015 / CPU time: 0.005
Number of iterations: 2
TREE SEARCH COMPLETED AFTER 2 ITERATIONS / Time: 0h:0m:0s

--------------------------------------------------------------------
|                    FINALIZING TREE SEARCH                        |
--------------------------------------------------------------------
Performs final model parameters optimization
Estimate model parameters (epsilon = 0.050)
1. Initial log-likelihood: -5451.015
Optimal log-likelihood: -5451.015
Rate parameters:  A-C: 0.94962  A-G: 1.11754  A-T: 0.15330  C-G: 0.21713  C-T: 0.71976  G-T: 1.00000
Base frequencies:  A: 0.294  C: 0.189  G: 0.184  T: 0.332
Parameters optimization took 1 rounds (0.001 sec)
BEST SCORE FOUND : -5451.015
Total tree length: 0.008

Total number of iterations: 2
CPU time used for tree search: 0.003 sec (0h:0m:0s)
Wall-clock time used for tree search: 0.005 sec (0h:0m:0s)
Total CPU time used: 0.017 sec (0h:0m:0s)
Total wall-clock time used: 0.037 sec (0h:0m:0s)

Analysis results written to: 
  IQ-TREE report:                results/align-delim.fasta.iqtree
  Maximum-likelihood tree:       results/align-delim.fasta.treefile
  Likelihood distances:          results/align-delim.fasta.mldist
  Screen log file:               results/align-delim.fasta.log

Date and Time: Fri Jul 24 23:25:24 2020
